<?xml version="1.0" encoding="UTF-8"?>
<testng-results ignored="0" total="1" passed="1" failed="0" skipped="0">
  <reporter-output>
  </reporter-output>
  <suite started-at="2023-10-02T14:11:42 IST" name="Salesforce Test Automation Test Suite" finished-at="2023-10-02T14:12:35 IST" duration-ms="53163">
    <groups>
    </groups>
    <test started-at="2023-10-02T14:11:42 IST" name="Salesforce CRM Test Cases" finished-at="2023-10-02T14:12:35 IST" duration-ms="53163">
      <class name="com.salesforce.qa.testcases.OpportunityPageTest">
        <test-method is-config="true" signature="setUp()[pri:0, instance:com.salesforce.qa.testcases.OpportunityPageTest@3527942a]" started-at="2023-10-02T14:11:42 IST" name="setUp" finished-at="2023-10-02T14:11:55 IST" duration-ms="13672" status="PASS">
          <reporter-output>
          </reporter-output>
        </test-method> <!-- setUp -->
        <test-method signature="createOpportunity()[pri:1, instance:com.salesforce.qa.testcases.OpportunityPageTest@3527942a]" started-at="2023-10-02T14:11:55 IST" name="createOpportunity" finished-at="2023-10-02T14:12:34 IST" duration-ms="38838" status="PASS">
          <reporter-output>
          </reporter-output>
        </test-method> <!-- createOpportunity -->
        <test-method is-config="true" signature="tearDown()[pri:0, instance:com.salesforce.qa.testcases.OpportunityPageTest@3527942a]" started-at="2023-10-02T14:12:34 IST" name="tearDown" finished-at="2023-10-02T14:12:35 IST" duration-ms="613" status="PASS">
          <reporter-output>
          </reporter-output>
        </test-method> <!-- tearDown -->
      </class> <!-- com.salesforce.qa.testcases.OpportunityPageTest -->
    </test> <!-- Salesforce CRM Test Cases -->
  </suite> <!-- Salesforce Test Automation Test Suite -->
</testng-results>
